<?xml version="1.0" encoding="UTF-8"?>
<!-- Generated by org.testng.reporters.JUnitXMLReporter -->
<testsuite ignored="3" hostname="Nishchal-Ghimire9" failures="0" tests="11" name="Default test" time="10.378" errors="0" timestamp="2023-06-01T10:16:14 EDT">
  <testcase classname="com.tutorials.qa.testcases.LoginTest" name="@BeforeMethod setup" time="4.659">
    <failure type="org.openqa.selenium.NoSuchWindowException" message="no such window: target window already closed
from unknown error: web view not found
  (Session info: MicrosoftEdge=113.0.1774.57)
Build info: version: &amp;apos;4.9.0&amp;apos;, revision: &amp;apos;d7057100a6&amp;apos;
System info: os.name: &amp;apos;Windows 11&amp;apos;, os.arch: &amp;apos;amd64&amp;apos;, os.version: &amp;apos;10.0&amp;apos;, java.version: &amp;apos;11.0.16.1&amp;apos;
Driver info: org.openqa.selenium.edge.EdgeDriver
Command: [842853fc16285f6ed1408f430d14bb42, findElement {using=link text, value=My Account}]
Capabilities {acceptInsecureCerts: false, browserName: msedge, browserVersion: 113.0.1774.57, ms:edgeOptions: {debuggerAddress: localhost:62319}, msedge: {msedgedriverVersion: 113.0.1774.57 (b3b212deff59..., userDataDir: C:\Users\Nishchal\AppData\L...}, networkConnectionEnabled: false, pageLoadStrategy: normal, platformName: WINDOWS, proxy: Proxy(), se:cdp: ws://localhost:62319/devtoo..., se:cdpVersion: 113.0.1774.57, setWindowRect: true, strictFileInteractability: false, timeouts: {implicit: 0, pageLoad: 300000, script: 30000}, unhandledPromptBehavior: dismiss and notify, webauthn:extension:credBlob: true, webauthn:extension:largeBlob: true, webauthn:extension:minPinLength: true, webauthn:extension:prf: true, webauthn:virtualAuthenticators: true}
Session ID: 842853fc16285f6ed1408f430d14bb42">
      <![CDATA[org.openqa.selenium.NoSuchWindowException: no such window: target window already closed
from unknown error: web view not found
  (Session info: MicrosoftEdge=113.0.1774.57)
Build info: version: '4.9.0', revision: 'd7057100a6'
System info: os.name: 'Windows 11', os.arch: 'amd64', os.version: '10.0', java.version: '11.0.16.1'
Driver info: org.openqa.selenium.edge.EdgeDriver
Command: [842853fc16285f6ed1408f430d14bb42, findElement {using=link text, value=My Account}]
Capabilities {acceptInsecureCerts: false, browserName: msedge, browserVersion: 113.0.1774.57, ms:edgeOptions: {debuggerAddress: localhost:62319}, msedge: {msedgedriverVersion: 113.0.1774.57 (b3b212deff59..., userDataDir: C:\Users\Nishchal\AppData\L...}, networkConnectionEnabled: false, pageLoadStrategy: normal, platformName: WINDOWS, proxy: Proxy(), se:cdp: ws://localhost:62319/devtoo..., se:cdpVersion: 113.0.1774.57, setWindowRect: true, strictFileInteractability: false, timeouts: {implicit: 0, pageLoad: 300000, script: 30000}, unhandledPromptBehavior: dismiss and notify, webauthn:extension:credBlob: true, webauthn:extension:largeBlob: true, webauthn:extension:minPinLength: true, webauthn:extension:prf: true, webauthn:virtualAuthenticators: true}
Session ID: 842853fc16285f6ed1408f430d14bb42
at java.base/jdk.internal.reflect.NativeConstructorAccessorImpl.newInstance0(Native Method)
at java.base/jdk.internal.reflect.NativeConstructorAccessorImpl.newInstance(NativeConstructorAccessorImpl.java:62)
at java.base/jdk.internal.reflect.DelegatingConstructorAccessorImpl.newInstance(DelegatingConstructorAccessorImpl.java:45)
at java.base/java.lang.reflect.Constructor.newInstance(Constructor.java:490)
at org.openqa.selenium.remote.codec.w3c.W3CHttpResponseCodec.createException(W3CHttpResponseCodec.java:200)
at org.openqa.selenium.remote.codec.w3c.W3CHttpResponseCodec.decode(W3CHttpResponseCodec.java:133)
at org.openqa.selenium.remote.codec.w3c.W3CHttpResponseCodec.decode(W3CHttpResponseCodec.java:53)
at org.openqa.selenium.remote.HttpCommandExecutor.execute(HttpCommandExecutor.java:193)
at org.openqa.selenium.remote.service.DriverCommandExecutor.invokeExecute(DriverCommandExecutor.java:183)
at org.openqa.selenium.remote.service.DriverCommandExecutor.execute(DriverCommandExecutor.java:158)
at org.openqa.selenium.remote.RemoteWebDriver.execute(RemoteWebDriver.java:543)
at org.openqa.selenium.remote.ElementLocation$ElementFinder$2.findElement(ElementLocation.java:162)
at org.openqa.selenium.remote.ElementLocation.findElement(ElementLocation.java:60)
at org.openqa.selenium.remote.RemoteWebDriver.findElement(RemoteWebDriver.java:352)
at org.openqa.selenium.remote.RemoteWebDriver.findElement(RemoteWebDriver.java:344)
at com.tutorials.qa.testcases.LoginTest.setup(LoginTest.java:30)
at java.base/jdk.internal.reflect.NativeMethodAccessorImpl.invoke0(Native Method)
at java.base/jdk.internal.reflect.NativeMethodAccessorImpl.invoke(NativeMethodAccessorImpl.java:62)
at java.base/jdk.internal.reflect.DelegatingMethodAccessorImpl.invoke(DelegatingMethodAccessorImpl.java:43)
at java.base/java.lang.reflect.Method.invoke(Method.java:566)
at org.testng.internal.MethodInvocationHelper.invokeMethod(MethodInvocationHelper.java:133)
at org.testng.internal.MethodInvocationHelper.invokeMethodConsideringTimeout(MethodInvocationHelper.java:62)
at org.testng.internal.ConfigInvoker.invokeConfigurationMethod(ConfigInvoker.java:385)
at org.testng.internal.ConfigInvoker.invokeConfigurations(ConfigInvoker.java:321)
at org.testng.internal.TestInvoker.runConfigMethods(TestInvoker.java:700)
at org.testng.internal.TestInvoker.invokeMethod(TestInvoker.java:527)
at org.testng.internal.TestInvoker.invokeTestMethod(TestInvoker.java:173)
at org.testng.internal.MethodRunner.runInSequence(MethodRunner.java:46)
at org.testng.internal.TestInvoker$MethodInvocationAgent.invoke(TestInvoker.java:824)
at org.testng.internal.TestInvoker.invokeTestMethods(TestInvoker.java:146)
at org.testng.internal.TestMethodWorker.invokeTestMethods(TestMethodWorker.java:146)
at org.testng.internal.TestMethodWorker.run(TestMethodWorker.java:128)
at java.base/java.util.ArrayList.forEach(ArrayList.java:1541)
at org.testng.TestRunner.privateRun(TestRunner.java:794)
at org.testng.TestRunner.run(TestRunner.java:596)
at org.testng.SuiteRunner.runTest(SuiteRunner.java:377)
at org.testng.SuiteRunner.runSequentially(SuiteRunner.java:371)
at org.testng.SuiteRunner.privateRun(SuiteRunner.java:332)
at org.testng.SuiteRunner.run(SuiteRunner.java:276)
at org.testng.SuiteRunnerWorker.runSuite(SuiteRunnerWorker.java:53)
at org.testng.SuiteRunnerWorker.run(SuiteRunnerWorker.java:96)
at org.testng.TestNG.runSuitesSequentially(TestNG.java:1212)
at org.testng.TestNG.runSuitesLocally(TestNG.java:1134)
at org.testng.TestNG.runSuites(TestNG.java:1063)
at org.testng.TestNG.run(TestNG.java:1031)
at org.testng.remote.AbstractRemoteTestNG.run(AbstractRemoteTestNG.java:115)
at org.testng.remote.RemoteTestNG.initAndRun(RemoteTestNG.java:251)
at org.testng.remote.RemoteTestNG.main(RemoteTestNG.java:77)
]]>
    </failure>
  </testcase> <!-- @BeforeMethod setup -->
  <testcase classname="com.tutorials.qa.testcases.LoginTest" name="@BeforeMethod setup" time="-1.6856289742E9">
    <skipped/>
  </testcase> <!-- @BeforeMethod setup -->
  <testcase classname="com.tutorials.qa.testcases.LoginTest" name="@BeforeMethod setup" time="-1.685628974203E9">
    <skipped/>
  </testcase> <!-- @BeforeMethod setup -->
  <testcase classname="com.tutorials.qa.testcases.LoginTest" name="@BeforeMethod setup" time="-1.685628974205E9">
    <skipped/>
  </testcase> <!-- @BeforeMethod setup -->
  <testcase classname="com.tutorials.qa.testcases.LoginTest" name="@BeforeMethod setup" time="-1.685628974207E9">
    <skipped/>
  </testcase> <!-- @BeforeMethod setup -->
  <testcase classname="com.tutorials.qa.testcases.LoginTest" name="@BeforeMethod setup" time="-1.68562897421E9">
    <skipped/>
  </testcase> <!-- @BeforeMethod setup -->
  <testcase classname="com.tutorials.qa.testcases.LoginTest" name="@BeforeMethod setup" time="-1.685628974213E9">
    <skipped/>
  </testcase> <!-- @BeforeMethod setup -->
  <testcase classname="com.tutorials.qa.testcases.LoginTest" name="@BeforeMethod setup" time="-1.685628974216E9">
    <skipped/>
  </testcase> <!-- @BeforeMethod setup -->
  <testcase classname="com.tutorials.qa.testcases.LoginTest" name="@BeforeMethod setup" time="-1.685628974221E9">
    <skipped/>
  </testcase> <!-- @BeforeMethod setup -->
  <testcase classname="com.tutorials.qa.testcases.LoginTest" name="@BeforeMethod setup" time="-1.685628974223E9">
    <skipped/>
  </testcase> <!-- @BeforeMethod setup -->
  <testcase classname="com.tutorials.qa.testcases.LoginTest" name="VerifyLoginWithValidCredentials" time="0.748"/>
  <testcase classname="com.tutorials.qa.testcases.LoginTest" name="VerifyLoginWithValidCredentials" time="0.0">
    <skipped/>
  </testcase> <!-- VerifyLoginWithValidCredentials -->
  <testcase classname="com.tutorials.qa.testcases.LoginTest" name="VerifyLoginWithValidCredentials" time="0.0">
    <skipped/>
  </testcase> <!-- VerifyLoginWithValidCredentials -->
  <testcase classname="com.tutorials.qa.testcases.LoginTest" name="VerifyLoginWithValidCredentials" time="0.0">
    <skipped/>
  </testcase> <!-- VerifyLoginWithValidCredentials -->
  <testcase classname="com.tutorials.qa.testcases.LoginTest" name="VerifyLoginWithValidCredentials" time="0.0">
    <skipped/>
  </testcase> <!-- VerifyLoginWithValidCredentials -->
  <testcase classname="com.tutorials.qa.testcases.LoginTest" name="VerifyLoginWithValidCredentials" time="0.0">
    <skipped/>
  </testcase> <!-- VerifyLoginWithValidCredentials -->
  <testcase classname="com.tutorials.qa.testcases.LoginTest" name="VerifyLoginWithValidCredentials" time="0.0">
    <skipped/>
  </testcase> <!-- VerifyLoginWithValidCredentials -->
  <testcase classname="com.tutorials.qa.testcases.LoginTest" name="VerifyLoginWithValidCredentials" time="0.0">
    <skipped/>
  </testcase> <!-- VerifyLoginWithValidCredentials -->
  <testcase classname="com.tutorials.qa.testcases.LoginTest" name="VerifyLoginWithValidCredentials" time="0.0">
    <skipped/>
  </testcase> <!-- VerifyLoginWithValidCredentials -->
  <testcase classname="com.tutorials.qa.testcases.LoginTest" name="VerifyLoginWithValidCredentials" time="0.0">
    <skipped/>
  </testcase> <!-- VerifyLoginWithValidCredentials -->
  <testcase classname="com.tutorials.qa.testcases.LoginTest" name="VerifyLoginWithValidCredentials" time="0.0">
    <skipped/>
  </testcase> <!-- VerifyLoginWithValidCredentials -->
  <testcase classname="com.tutorials.qa.testcases.LoginTest" name="VerifyNoUserNameandPassword1" time="0.0">
    <ignored/>
  </testcase> <!-- VerifyNoUserNameandPassword1 -->
  <testcase classname="com.tutorials.qa.testcases.LoginTest" name="VerifyLoginWithINValidUsernameAndValidPassword" time="0.0">
    <ignored/>
  </testcase> <!-- VerifyLoginWithINValidUsernameAndValidPassword -->
  <testcase classname="com.tutorials.qa.testcases.LoginTest" name="VerifyLoginWithINValidEmailAndinvalidPassword" time="0.0">
    <ignored/>
  </testcase> <!-- VerifyLoginWithINValidEmailAndinvalidPassword -->
</testsuite> <!-- Default test -->
